SnapCat/app/build/intermediates/manifest_merge_blame_file/debug/manifest-merger-blame-debug-report.txt
1<?xml version="1.0" encoding="utf-8"?>
2<manifest xmlns:android="http://schemas.android.com/apk/res/android"
3    package="com.ysc3237.snapcat"
4    android:versionCode="1"
5    android:versionName="1.0" >
6
7    <uses-sdk
8        android:minSdkVersion="15"
8-->src/main/AndroidManifest.xml
9        android:targetSdkVersion="29" />
9-->src/main/AndroidManifest.xml
10
11    <uses-permission android:name="android.permission.ACCESS_COARSE_LOCATION" />
11-->src/main/AndroidManifest.xml:5:5-81
11-->src/main/AndroidManifest.xml:5:22-78
12    <uses-permission android:name="android.permission.ACCESS_FINE_LOCATION" />
12-->src/main/AndroidManifest.xml:6:5-79
12-->src/main/AndroidManifest.xml:6:22-76
13    <uses-permission android:name="android.permission.WRITE_EXTERNAL_STORAGE" />
13-->src/main/AndroidManifest.xml:7:5-81
13-->src/main/AndroidManifest.xml:7:22-78
14
15    <uses-feature
15-->src/main/AndroidManifest.xml:34:5-36:34
16        android:glEsVersion="0x00020000"
16-->src/main/AndroidManifest.xml:35:9-41
17        android:required="true" />
17-->src/main/AndroidManifest.xml:36:9-32
18
19    <!-- Include required permissions for Google Mobile Ads to run -->
20    <uses-permission android:name="android.permission.INTERNET" />
20-->[com.google.android.gms:play-services-ads-lite:12.0.1] AndroidManifest.xml:23:5-67
20-->[com.google.android.gms:play-services-ads-lite:12.0.1] AndroidManifest.xml:23:22-64
21    <uses-permission android:name="android.permission.ACCESS_NETWORK_STATE" /> <!-- Optional permission for Analytics to run. -->
21-->[com.google.android.gms:play-services-ads-lite:12.0.1] AndroidManifest.xml:24:5-79
21-->[com.google.android.gms:play-services-ads-lite:12.0.1] AndroidManifest.xml:24:22-76
22    <uses-permission android:name="android.permission.WAKE_LOCK" /> <!-- Required by older versions of Google Play services to create GCM registration tokens -->
22-->[com.google.android.gms:play-services-analytics:12.0.1] AndroidManifest.xml:27:5-68
22-->[com.google.android.gms:play-services-analytics:12.0.1] AndroidManifest.xml:27:22-65
23    <uses-permission android:name="com.google.android.c2dm.permission.RECEIVE" />
23-->[com.google.android.gms:play-services-gcm:12.0.1] AndroidManifest.xml:23:5-82
23-->[com.google.android.gms:play-services-gcm:12.0.1] AndroidManifest.xml:23:22-79
24
25    <permission
25-->[com.google.firebase:firebase-iid:12.0.1] AndroidManifest.xml:28:5-30:47
26        android:name="com.ysc3237.snapcat.permission.C2D_MESSAGE"
26-->[com.google.firebase:firebase-iid:12.0.1] AndroidManifest.xml:29:9-63
27        android:protectionLevel="signature" />
27-->[com.google.firebase:firebase-iid:12.0.1] AndroidManifest.xml:30:9-44
28
29    <uses-permission android:name="com.ysc3237.snapcat.permission.C2D_MESSAGE" />
29-->[com.google.firebase:firebase-iid:12.0.1] AndroidManifest.xml:32:5-79
29-->[com.google.firebase:firebase-iid:12.0.1] AndroidManifest.xml:32:22-76
30
31    <application
31-->src/main/AndroidManifest.xml:8:5-32:19
32        android:name="androidx.multidex.MultiDexApplication"
33        android:allowBackup="true"
33-->src/main/AndroidManifest.xml:9:9-35
34        android:appComponentFactory="androidx.core.app.CoreComponentFactory"
34-->[androidx.core:core:1.0.2] AndroidManifest.xml:22:18-86
35        android:debuggable="true"
36        android:icon="@mipmap/ic_launcher"
36-->src/main/AndroidManifest.xml:10:9-43
37        android:label="@string/app_name"
37-->src/main/AndroidManifest.xml:11:9-41
38        android:roundIcon="@mipmap/ic_launcher_round"
38-->src/main/AndroidManifest.xml:12:9-54
39        android:supportsRtl="true"
39-->src/main/AndroidManifest.xml:13:9-35
40        android:theme="@style/AppTheme" >
40-->src/main/AndroidManifest.xml:14:9-40
41        <activity
41-->src/main/AndroidManifest.xml:15:9-23:20
42            android:name="com.ysc3237.snapcat.MainActivity"
42-->src/main/AndroidManifest.xml:16:13-41
43            android:label="@string/app_name" >
43-->src/main/AndroidManifest.xml:17:13-45
44            <intent-filter>
44-->src/main/AndroidManifest.xml:18:13-22:29
45                <action android:name="android.intent.action.MAIN" />
45-->src/main/AndroidManifest.xml:19:17-69
45-->src/main/AndroidManifest.xml:19:25-66
46
47                <category android:name="android.intent.category.LAUNCHER" />
47-->src/main/AndroidManifest.xml:21:17-77
47-->src/main/AndroidManifest.xml:21:27-74
48            </intent-filter>
49        </activity>
50        <!-- Maps android key -->
51        <meta-data
51-->src/main/AndroidManifest.xml:25:9-27:70
52            android:name="com.google.android.geo.API_KEY"
52-->src/main/AndroidManifest.xml:26:13-58
53            android:value="AIzaSyC3D2QEVHQPcBVpiNagphTcYuq1asj29RU" />
53-->src/main/AndroidManifest.xml:27:13-68
54        <!-- Maps -->
55
56        <uses-library
56-->src/main/AndroidManifest.xml:30:9-88
57            android:name="org.apache.http.legacy"
57-->src/main/AndroidManifest.xml:30:23-60
58            android:required="false" />
58-->src/main/AndroidManifest.xml:30:61-85
59        <!-- this is a workaround a bug that android stuido has. To read up more check this link https://stackoverflow.com/questions/50461881/java-lang-noclassdeffounderrorfailed-resolution-of-lorg-apache-http-protocolve -->
60        <receiver android:name="com.google.android.gms.cast.framework.media.MediaIntentReceiver" />
60-->[com.google.android.gms:play-services-cast-framework:12.0.1] AndroidManifest.xml:8:9-100
60-->[com.google.android.gms:play-services-cast-framework:12.0.1] AndroidManifest.xml:8:19-97
61
62        <service android:name="com.google.android.gms.cast.framework.media.MediaNotificationService" />
62-->[com.google.android.gms:play-services-cast-framework:12.0.1] AndroidManifest.xml:10:9-104
62-->[com.google.android.gms:play-services-cast-framework:12.0.1] AndroidManifest.xml:10:18-101
63        <service android:name="com.google.android.gms.cast.framework.ReconnectionService" /> <!-- Include the AdActivity and InAppPurchaseActivity configChanges and themes. -->
63-->[com.google.android.gms:play-services-cast-framework:12.0.1] AndroidManifest.xml:11:9-93
63-->[com.google.android.gms:play-services-cast-framework:12.0.1] AndroidManifest.xml:11:18-90
64        <activity
64-->[com.google.android.gms:play-services-ads-lite:12.0.1] AndroidManifest.xml:29:9-33:64
65            android:name="com.google.android.gms.ads.AdActivity"
65-->[com.google.android.gms:play-services-ads-lite:12.0.1] AndroidManifest.xml:30:13-65
66            android:configChanges="keyboard|keyboardHidden|orientation|screenLayout|uiMode|screenSize|smallestScreenSize"
66-->[com.google.android.gms:play-services-ads-lite:12.0.1] AndroidManifest.xml:31:13-122
67            android:exported="false"
67-->[com.google.android.gms:play-services-ads-lite:12.0.1] AndroidManifest.xml:32:13-37
68            android:theme="@android:style/Theme.Translucent" />
68-->[com.google.android.gms:play-services-ads-lite:12.0.1] AndroidManifest.xml:33:13-61
69
70        <receiver
70-->[com.google.android.gms:play-services-analytics:12.0.1] AndroidManifest.xml:30:9-34:20
71            android:name="com.google.android.gms.analytics.AnalyticsReceiver"
71-->[com.google.android.gms:play-services-analytics:12.0.1] AndroidManifest.xml:31:13-78
72            android:enabled="true"
72-->[com.google.android.gms:play-services-analytics:12.0.1] AndroidManifest.xml:32:13-35
73            android:exported="false" >
73-->[com.google.android.gms:play-services-analytics:12.0.1] AndroidManifest.xml:33:13-37
74        </receiver>
75
76        <service
76-->[com.google.android.gms:play-services-analytics:12.0.1] AndroidManifest.xml:36:9-39:40
77            android:name="com.google.android.gms.analytics.AnalyticsService"
77-->[com.google.android.gms:play-services-analytics:12.0.1] AndroidManifest.xml:37:13-77
78            android:enabled="true"
78-->[com.google.android.gms:play-services-analytics:12.0.1] AndroidManifest.xml:38:13-35
79            android:exported="false" />
79-->[com.google.android.gms:play-services-analytics:12.0.1] AndroidManifest.xml:39:13-37
80        <service
80-->[com.google.android.gms:play-services-analytics:12.0.1] AndroidManifest.xml:40:9-44:72
81            android:name="com.google.android.gms.analytics.AnalyticsJobService"
81-->[com.google.android.gms:play-services-analytics:12.0.1] AndroidManifest.xml:41:13-80
82            android:enabled="true"
82-->[com.google.android.gms:play-services-analytics:12.0.1] AndroidManifest.xml:42:13-35
83            android:exported="false"
83-->[com.google.android.gms:play-services-analytics:12.0.1] AndroidManifest.xml:43:13-37
84            android:permission="android.permission.BIND_JOB_SERVICE" />
84-->[com.google.android.gms:play-services-analytics:12.0.1] AndroidManifest.xml:44:13-69
85
86        <activity
86-->[com.google.android.gms:play-services-appinvite:12.0.1] AndroidManifest.xml:25:9-34:20
87            android:name="com.google.android.gms.appinvite.PreviewActivity"
87-->[com.google.android.gms:play-services-appinvite:12.0.1] AndroidManifest.xml:26:13-76
88            android:exported="true"
88-->[com.google.android.gms:play-services-appinvite:12.0.1] AndroidManifest.xml:27:13-36
89            android:theme="@style/Theme.AppInvite.Preview" >
89-->[com.google.android.gms:play-services-appinvite:12.0.1] AndroidManifest.xml:28:13-59
90            <intent-filter>
90-->[com.google.android.gms:play-services-appinvite:12.0.1] AndroidManifest.xml:29:13-33:29
91                <action android:name="com.google.android.gms.appinvite.ACTION_PREVIEW" />
91-->[com.google.android.gms:play-services-appinvite:12.0.1] AndroidManifest.xml:30:17-90
91-->[com.google.android.gms:play-services-appinvite:12.0.1] AndroidManifest.xml:30:25-87
92
93                <category android:name="android.intent.category.DEFAULT" />
93-->[com.google.android.gms:play-services-appinvite:12.0.1] AndroidManifest.xml:32:17-76
93-->[com.google.android.gms:play-services-appinvite:12.0.1] AndroidManifest.xml:32:27-73
94            </intent-filter>
95        </activity>
96        <activity
96-->[com.google.android.gms:play-services-auth:12.0.1] AndroidManifest.xml:23:9-27:75
97            android:name="com.google.android.gms.auth.api.signin.internal.SignInHubActivity"
97-->[com.google.android.gms:play-services-auth:12.0.1] AndroidManifest.xml:24:13-93
98            android:excludeFromRecents="true"
98-->[com.google.android.gms:play-services-auth:12.0.1] AndroidManifest.xml:25:13-46
99            android:exported="false"
99-->[com.google.android.gms:play-services-auth:12.0.1] AndroidManifest.xml:26:13-37
100            android:theme="@android:style/Theme.Translucent.NoTitleBar" />
100-->[com.google.android.gms:play-services-auth:12.0.1] AndroidManifest.xml:27:13-72
101        <!--
102            Service handling Google Sign-In user revocation. For apps that do not integrate with
103            Google Sign-In, this service will never be started.
104        -->
105        <service
105-->[com.google.android.gms:play-services-auth:12.0.1] AndroidManifest.xml:33:9-36:110
106            android:name="com.google.android.gms.auth.api.signin.RevocationBoundService"
106-->[com.google.android.gms:play-services-auth:12.0.1] AndroidManifest.xml:34:13-89
107            android:exported="true"
107-->[com.google.android.gms:play-services-auth:12.0.1] AndroidManifest.xml:35:13-36
108            android:permission="com.google.android.gms.auth.api.signin.permission.REVOCATION_NOTIFICATION" />
108-->[com.google.android.gms:play-services-auth:12.0.1] AndroidManifest.xml:36:13-107
109
110        <activity
110-->[com.google.firebase:firebase-auth:12.0.1] AndroidManifest.xml:23:9-29:75
111            android:name="com.google.firebase.auth.internal.FederatedSignInActivity"
111-->[com.google.firebase:firebase-auth:12.0.1] AndroidManifest.xml:24:13-85
112            android:excludeFromRecents="true"
112-->[com.google.firebase:firebase-auth:12.0.1] AndroidManifest.xml:25:13-46
113            android:exported="true"
113-->[com.google.firebase:firebase-auth:12.0.1] AndroidManifest.xml:26:13-36
114            android:launchMode="singleInstance"
114-->[com.google.firebase:firebase-auth:12.0.1] AndroidManifest.xml:27:13-48
115            android:permission="com.google.firebase.auth.api.gms.permission.LAUNCH_FEDERATED_SIGN_IN"
115-->[com.google.firebase:firebase-auth:12.0.1] AndroidManifest.xml:28:13-102
116            android:theme="@android:style/Theme.Translucent.NoTitleBar" />
116-->[com.google.firebase:firebase-auth:12.0.1] AndroidManifest.xml:29:13-72
117        <activity
117-->[com.google.android.gms:play-services-base:12.0.1] AndroidManifest.xml:23:9-26:75
118            android:name="com.google.android.gms.common.api.GoogleApiActivity"
118-->[com.google.android.gms:play-services-base:12.0.1] AndroidManifest.xml:24:13-79
119            android:exported="false"
119-->[com.google.android.gms:play-services-base:12.0.1] AndroidManifest.xml:25:13-37
120            android:theme="@android:style/Theme.Translucent.NoTitleBar" />
120-->[com.google.android.gms:play-services-base:12.0.1] AndroidManifest.xml:26:13-72
121        <!--
122             FirebaseMessagingService performs security checks at runtime,
123             no need for explicit permissions despite exported="true"
124        -->
125        <service
125-->[com.google.firebase:firebase-messaging:12.0.1] AndroidManifest.xml:28:9-34:19
126            android:name="com.google.firebase.messaging.FirebaseMessagingService"
126-->[com.google.firebase:firebase-messaging:12.0.1] AndroidManifest.xml:29:13-82
127            android:exported="true" >
127-->[com.google.firebase:firebase-messaging:12.0.1] AndroidManifest.xml:30:13-36
128            <intent-filter android:priority="-500" >
128-->[com.google.firebase:firebase-messaging:12.0.1] AndroidManifest.xml:31:13-33:29
128-->[com.google.firebase:firebase-messaging:12.0.1] AndroidManifest.xml:31:28-51
129                <action android:name="com.google.firebase.MESSAGING_EVENT" />
129-->[com.google.firebase:firebase-messaging:12.0.1] AndroidManifest.xml:32:17-78
129-->[com.google.firebase:firebase-messaging:12.0.1] AndroidManifest.xml:32:25-75
130            </intent-filter>
131        </service>
132        <service
132-->[com.google.android.gms:play-services-tagmanager-api:12.0.1] AndroidManifest.xml:27:9-30:40
133            android:name="com.google.android.gms.tagmanager.TagManagerService"
133-->[com.google.android.gms:play-services-tagmanager-api:12.0.1] AndroidManifest.xml:28:13-79
134            android:enabled="true"
134-->[com.google.android.gms:play-services-tagmanager-api:12.0.1] AndroidManifest.xml:29:13-35
135            android:exported="false" />
135-->[com.google.android.gms:play-services-tagmanager-api:12.0.1] AndroidManifest.xml:30:13-37
136
137        <activity
137-->[com.google.android.gms:play-services-tagmanager-api:12.0.1] AndroidManifest.xml:32:9-44:20
138            android:name="com.google.android.gms.tagmanager.TagManagerPreviewActivity"
138-->[com.google.android.gms:play-services-tagmanager-api:12.0.1] AndroidManifest.xml:33:13-87
139            android:exported="true"
139-->[com.google.android.gms:play-services-tagmanager-api:12.0.1] AndroidManifest.xml:34:13-36
140            android:noHistory="true" > <!-- optional, removes the previewActivity from the activity stack. -->
140-->[com.google.android.gms:play-services-tagmanager-api:12.0.1] AndroidManifest.xml:35:13-37
141            <intent-filter>
141-->[com.google.android.gms:play-services-tagmanager-api:12.0.1] AndroidManifest.xml:36:13-43:29
142                <data android:scheme="tagmanager.c.com.ysc3237.snapcat" />
142-->[com.google.android.gms:play-services-tagmanager-api:12.0.1] AndroidManifest.xml:37:17-72
142-->[com.google.android.gms:play-services-tagmanager-api:12.0.1] AndroidManifest.xml:37:23-69
143
144                <action android:name="android.intent.action.VIEW" />
144-->[com.google.android.gms:play-services-tagmanager-api:12.0.1] AndroidManifest.xml:39:17-69
144-->[com.google.android.gms:play-services-tagmanager-api:12.0.1] AndroidManifest.xml:39:25-66
145
146                <category android:name="android.intent.category.DEFAULT" />
146-->[com.google.android.gms:play-services-appinvite:12.0.1] AndroidManifest.xml:32:17-76
146-->[com.google.android.gms:play-services-appinvite:12.0.1] AndroidManifest.xml:32:27-73
147                <category android:name="android.intent.category.BROWSABLE" />
147-->[com.google.android.gms:play-services-tagmanager-api:12.0.1] AndroidManifest.xml:42:17-78
147-->[com.google.android.gms:play-services-tagmanager-api:12.0.1] AndroidManifest.xml:42:27-75
148            </intent-filter>
149        </activity>
150
151        <receiver
151-->[com.google.firebase:firebase-analytics:12.0.1] AndroidManifest.xml:28:9-32:20
152            android:name="com.google.android.gms.measurement.AppMeasurementReceiver"
152-->[com.google.firebase:firebase-analytics:12.0.1] AndroidManifest.xml:29:13-85
153            android:enabled="true"
153-->[com.google.firebase:firebase-analytics:12.0.1] AndroidManifest.xml:30:13-35
154            android:exported="false" >
154-->[com.google.firebase:firebase-analytics:12.0.1] AndroidManifest.xml:31:13-37
155        </receiver>
156        <receiver
156-->[com.google.firebase:firebase-analytics:12.0.1] AndroidManifest.xml:33:9-41:20
157            android:name="com.google.android.gms.measurement.AppMeasurementInstallReferrerReceiver"
157-->[com.google.firebase:firebase-analytics:12.0.1] AndroidManifest.xml:34:13-100
158            android:enabled="true"
158-->[com.google.firebase:firebase-analytics:12.0.1] AndroidManifest.xml:35:13-35
159            android:exported="true"
159-->[com.google.firebase:firebase-analytics:12.0.1] AndroidManifest.xml:36:13-36
160            android:permission="android.permission.INSTALL_PACKAGES" >
160-->[com.google.firebase:firebase-analytics:12.0.1] AndroidManifest.xml:37:13-69
161            <intent-filter>
161-->[com.google.firebase:firebase-analytics:12.0.1] AndroidManifest.xml:38:13-40:29
162                <action android:name="com.android.vending.INSTALL_REFERRER" />
162-->[com.google.firebase:firebase-analytics:12.0.1] AndroidManifest.xml:39:17-79
162-->[com.google.firebase:firebase-analytics:12.0.1] AndroidManifest.xml:39:25-76
163            </intent-filter>
164        </receiver>
165
166        <service
166-->[com.google.firebase:firebase-analytics:12.0.1] AndroidManifest.xml:43:9-46:40
167            android:name="com.google.android.gms.measurement.AppMeasurementService"
167-->[com.google.firebase:firebase-analytics:12.0.1] AndroidManifest.xml:44:13-84
168            android:enabled="true"
168-->[com.google.firebase:firebase-analytics:12.0.1] AndroidManifest.xml:45:13-35
169            android:exported="false" />
169-->[com.google.firebase:firebase-analytics:12.0.1] AndroidManifest.xml:46:13-37
170        <service
170-->[com.google.firebase:firebase-analytics:12.0.1] AndroidManifest.xml:47:9-51:72
171            android:name="com.google.android.gms.measurement.AppMeasurementJobService"
171-->[com.google.firebase:firebase-analytics:12.0.1] AndroidManifest.xml:48:13-87
172            android:enabled="true"
172-->[com.google.firebase:firebase-analytics:12.0.1] AndroidManifest.xml:49:13-35
173            android:exported="false"
173-->[com.google.firebase:firebase-analytics:12.0.1] AndroidManifest.xml:50:13-37
174            android:permission="android.permission.BIND_JOB_SERVICE" />
174-->[com.google.firebase:firebase-analytics:12.0.1] AndroidManifest.xml:51:13-69
175
176        <receiver
176-->[com.google.firebase:firebase-iid:12.0.1] AndroidManifest.xml:35:9-44:20
177            android:name="com.google.firebase.iid.FirebaseInstanceIdReceiver"
177-->[com.google.firebase:firebase-iid:12.0.1] AndroidManifest.xml:36:13-78
178            android:exported="true"
178-->[com.google.firebase:firebase-iid:12.0.1] AndroidManifest.xml:37:13-36
179            android:permission="com.google.android.c2dm.permission.SEND" >
179-->[com.google.firebase:firebase-iid:12.0.1] AndroidManifest.xml:38:13-73
180            <intent-filter>
180-->[com.google.firebase:firebase-iid:12.0.1] AndroidManifest.xml:39:13-43:29
181                <action android:name="com.google.android.c2dm.intent.RECEIVE" />
181-->[com.google.firebase:firebase-iid:12.0.1] AndroidManifest.xml:40:17-81
181-->[com.google.firebase:firebase-iid:12.0.1] AndroidManifest.xml:40:25-78
182
183                <category android:name="com.ysc3237.snapcat" />
183-->[com.google.firebase:firebase-iid:12.0.1] AndroidManifest.xml:42:17-61
183-->[com.google.firebase:firebase-iid:12.0.1] AndroidManifest.xml:42:27-58
184            </intent-filter>
185        </receiver>
186        <!--
187             FirebaseInstanceIdService performs security checks at runtime,
188             no need for explicit permissions despite exported="true"
189        -->
190        <service
190-->[com.google.firebase:firebase-iid:12.0.1] AndroidManifest.xml:50:9-56:19
191            android:name="com.google.firebase.iid.FirebaseInstanceIdService"
191-->[com.google.firebase:firebase-iid:12.0.1] AndroidManifest.xml:51:13-77
192            android:exported="true" >
192-->[com.google.firebase:firebase-iid:12.0.1] AndroidManifest.xml:52:13-36
193            <intent-filter android:priority="-500" >
193-->[com.google.firebase:firebase-iid:12.0.1] AndroidManifest.xml:53:13-55:29
193-->[com.google.firebase:firebase-iid:12.0.1] AndroidManifest.xml:53:28-51
194                <action android:name="com.google.firebase.INSTANCE_ID_EVENT" />
194-->[com.google.firebase:firebase-iid:12.0.1] AndroidManifest.xml:54:17-80
194-->[com.google.firebase:firebase-iid:12.0.1] AndroidManifest.xml:54:25-77
195            </intent-filter>
196        </service>
197
198        <provider
198-->[com.google.firebase:firebase-common:12.0.1] AndroidManifest.xml:8:9-12:39
199            android:name="com.google.firebase.provider.FirebaseInitProvider"
199-->[com.google.firebase:firebase-common:12.0.1] AndroidManifest.xml:9:13-77
200            android:authorities="com.ysc3237.snapcat.firebaseinitprovider"
200-->[com.google.firebase:firebase-common:12.0.1] AndroidManifest.xml:10:13-72
201            android:exported="false"
201-->[com.google.firebase:firebase-common:12.0.1] AndroidManifest.xml:11:13-37
202            android:initOrder="100" />
202-->[com.google.firebase:firebase-common:12.0.1] AndroidManifest.xml:12:13-36
203
204        <meta-data
204-->[com.google.android.gms:play-services-basement:12.0.1] AndroidManifest.xml:23:9-25:69
205            android:name="com.google.android.gms.version"
205-->[com.google.android.gms:play-services-basement:12.0.1] AndroidManifest.xml:24:13-58
206            android:value="@integer/google_play_services_version" />
206-->[com.google.android.gms:play-services-basement:12.0.1] AndroidManifest.xml:25:13-66
207
208        <provider
208-->[androidx.lifecycle:lifecycle-process:2.0.0] AndroidManifest.xml:23:9-27:43
209            android:name="androidx.lifecycle.ProcessLifecycleOwnerInitializer"
209-->[androidx.lifecycle:lifecycle-process:2.0.0] AndroidManifest.xml:24:13-79
210            android:authorities="com.ysc3237.snapcat.lifecycle-process"
210-->[androidx.lifecycle:lifecycle-process:2.0.0] AndroidManifest.xml:25:13-69
211            android:exported="false"
211-->[androidx.lifecycle:lifecycle-process:2.0.0] AndroidManifest.xml:26:13-37
212            android:multiprocess="true" />
212-->[androidx.lifecycle:lifecycle-process:2.0.0] AndroidManifest.xml:27:13-40
213    </application>
214
215</manifest>